COMMAND    PID       USER   FD      TYPE             DEVICE SIZE/OFF       NODE NAME
init         1       root  cwd       DIR              252,0     4096          2 /
init         1       root  rtd       DIR              252,0     4096          2 /
init         1       root  txt       REG              252,0   167192     131076 /sbin/init
init         1       root  mem       REG              252,0    48024     528426 /lib/x86_64-linux-gnu/libnss_files-2.15.so
init         1       root  mem       REG              252,0    47680     528428 /lib/x86_64-linux-gnu/libnss_nis-2.15.so
init         1       root  mem       REG              252,0    97248     528418 /lib/x86_64-linux-gnu/libnsl-2.15.so
init         1       root  mem       REG              252,0    35680     528429 /lib/x86_64-linux-gnu/libnss_compat-2.15.so
init         1       root  mem       REG              252,0  1819320     528417 /lib/x86_64-linux-gnu/libc-2.15.so
init         1       root  mem       REG              252,0    31752     524518 /lib/x86_64-linux-gnu/librt-2.15.so
init         1       root  mem       REG              252,0   135366     528423 /lib/x86_64-linux-gnu/libpthread-2.15.so
init         1       root  mem       REG              252,0   276392     524304 /lib/x86_64-linux-gnu/libdbus-1.so.3.5.8
init         1       root  mem       REG              252,0    38888     524345 /lib/x86_64-linux-gnu/libnih-dbus.so.1.0.0
init         1       root  mem       REG              252,0    96240     524341 /lib/x86_64-linux-gnu/libnih.so.1.0.0
init         1       root  mem       REG              252,0   149280     528425 /lib/x86_64-linux-gnu/ld-2.15.so
init         1       root    0u      CHR                1,3      0t0         15 /dev/null
init         1       root    1u      CHR                1,3      0t0         15 /dev/null
init         1       root    2u      CHR                1,3      0t0         15 /dev/null
init         1       root    3r     FIFO                0,8      0t0        565 pipe
init         1       root    4w     FIFO                0,8      0t0        565 pipe
init         1       root    5r     0000                0,9        0       6269 anon_inode
init         1       root    6r     0000                0,9        0       6269 anon_inode
init         1       root    7u     unix 0xffff880115aa1500      0t0       7684 socket
init         1       root    8u     unix 0xffff8800d915ce00      0t0       8240 socket
init         1       root    9u     unix 0xffff8800369edf80      0t0       7769 socket
init         1       root   10u     unix 0xffff8800d9181c00      0t0       8397 socket
kthreadd     2       root  cwd       DIR              252,0     4096          2 /
kthreadd     2       root  rtd       DIR              252,0     4096          2 /
kthreadd     2       root  txt   unknown                                        /proc/2/exe
ksoftirqd    3       root  cwd       DIR              252,0     4096          2 /
ksoftirqd    3       root  rtd       DIR              252,0     4096          2 /
ksoftirqd    3       root  txt   unknown                                        /proc/3/exe
kworker/0    4       root  cwd       DIR              252,0     4096          2 /
kworker/0    4       root  rtd       DIR              252,0     4096          2 /
kworker/0    4       root  txt   unknown                                        /proc/4/exe
kworker/0    5       root  cwd       DIR              252,0     4096          2 /
kworker/0    5       root  rtd       DIR              252,0     4096          2 /
kworker/0    5       root  txt   unknown                                        /proc/5/exe
rcu_sched    7       root  cwd       DIR              252,0     4096          2 /
rcu_sched    7       root  rtd       DIR              252,0     4096          2 /
rcu_sched    7       root  txt   unknown                                        /proc/7/exe
rcuos/0      8       root  cwd       DIR              252,0     4096          2 /
rcuos/0      8       root  rtd       DIR              252,0     4096          2 /
rcuos/0      8       root  txt   unknown                                        /proc/8/exe
rcuos/1      9       root  cwd       DIR              252,0     4096          2 /
rcuos/1      9       root  rtd       DIR              252,0     4096          2 /
rcuos/1      9       root  txt   unknown                                        /proc/9/exe
rcu_bh      10       root  cwd       DIR              252,0     4096          2 /
rcu_bh      10       root  rtd       DIR              252,0     4096          2 /
rcu_bh      10       root  txt   unknown                                        /proc/10/exe
rcuob/0     11       root  cwd       DIR              252,0     4096          2 /
rcuob/0     11       root  rtd       DIR              252,0     4096          2 /
rcuob/0     11       root  txt   unknown                                        /proc/11/exe
rcuob/1     12       root  cwd       DIR              252,0     4096          2 /
rcuob/1     12       root  rtd       DIR              252,0     4096          2 /
rcuob/1     12       root  txt   unknown                                        /proc/12/exe
migration   13       root  cwd       DIR              252,0     4096          2 /
migration   13       root  rtd       DIR              252,0     4096          2 /
migration   13       root  txt   unknown                                        /proc/13/exe
watchdog/   14       root  cwd       DIR              252,0     4096          2 /
watchdog/   14       root  rtd       DIR              252,0     4096          2 /
watchdog/   14       root  txt   unknown                                        /proc/14/exe
watchdog/   15       root  cwd       DIR              252,0     4096          2 /
watchdog/   15       root  rtd       DIR              252,0     4096          2 /
watchdog/   15       root  txt   unknown                                        /proc/15/exe
migration   16       root  cwd       DIR              252,0     4096          2 /
migration   16       root  rtd       DIR              252,0     4096          2 /
migration   16       root  txt   unknown                                        /proc/16/exe
ksoftirqd   17       root  cwd       DIR              252,0     4096          2 /
ksoftirqd   17       root  rtd       DIR              252,0     4096          2 /
ksoftirqd   17       root  txt   unknown                                        /proc/17/exe
kworker/1   19       root  cwd       DIR              252,0     4096          2 /
kworker/1   19       root  rtd       DIR              252,0     4096          2 /
kworker/1   19       root  txt   unknown                                        /proc/19/exe
khelper     20       root  cwd       DIR              252,0     4096          2 /
khelper     20       root  rtd       DIR              252,0     4096          2 /
khelper     20       root  txt   unknown                                        /proc/20/exe
kdevtmpfs   21       root  cwd       DIR                0,5     4160          3 /
kdevtmpfs   21       root  rtd       DIR                0,5     4160          3 /
kdevtmpfs   21       root  txt   unknown                                        /proc/21/exe
netns       22       root  cwd       DIR              252,0     4096          2 /
netns       22       root  rtd       DIR              252,0     4096          2 /
netns       22       root  txt   unknown                                        /proc/22/exe
writeback   23       root  cwd       DIR              252,0     4096          2 /
writeback   23       root  rtd       DIR              252,0     4096          2 /
writeback   23       root  txt   unknown                                        /proc/23/exe
kintegrit   24       root  cwd       DIR              252,0     4096          2 /
kintegrit   24       root  rtd       DIR              252,0     4096          2 /
kintegrit   24       root  txt   unknown                                        /proc/24/exe
bioset      25       root  cwd       DIR              252,0     4096          2 /
bioset      25       root  rtd       DIR              252,0     4096          2 /
bioset      25       root  txt   unknown                                        /proc/25/exe
kblockd     27       root  cwd       DIR              252,0     4096          2 /
kblockd     27       root  rtd       DIR              252,0     4096          2 /
kblockd     27       root  txt   unknown                                        /proc/27/exe
ata_sff     28       root  cwd       DIR              252,0     4096          2 /
ata_sff     28       root  rtd       DIR              252,0     4096          2 /
ata_sff     28       root  txt   unknown                                        /proc/28/exe
khubd       29       root  cwd       DIR              252,0     4096          2 /
khubd       29       root  rtd       DIR              252,0     4096          2 /
khubd       29       root  txt   unknown                                        /proc/29/exe
md          30       root  cwd       DIR              252,0     4096          2 /
md          30       root  rtd       DIR              252,0     4096          2 /
md          30       root  txt   unknown                                        /proc/30/exe
devfreq_w   31       root  cwd       DIR              252,0     4096          2 /
devfreq_w   31       root  rtd       DIR              252,0     4096          2 /
devfreq_w   31       root  txt   unknown                                        /proc/31/exe
khungtask   35       root  cwd       DIR              252,0     4096          2 /
khungtask   35       root  rtd       DIR              252,0     4096          2 /
khungtask   35       root  txt   unknown                                        /proc/35/exe
kswapd0     36       root  cwd       DIR              252,0     4096          2 /
kswapd0     36       root  rtd       DIR              252,0     4096          2 /
kswapd0     36       root  txt   unknown                                        /proc/36/exe
ksmd        37       root  cwd       DIR              252,0     4096          2 /
ksmd        37       root  rtd       DIR              252,0     4096          2 /
ksmd        37       root  txt   unknown                                        /proc/37/exe
khugepage   38       root  cwd       DIR              252,0     4096          2 /
khugepage   38       root  rtd       DIR              252,0     4096          2 /
khugepage   38       root  txt   unknown                                        /proc/38/exe
fsnotify_   39       root  cwd       DIR              252,0     4096          2 /
fsnotify_   39       root  rtd       DIR              252,0     4096          2 /
fsnotify_   39       root  txt   unknown                                        /proc/39/exe
ecryptfs-   40       root  cwd       DIR              252,0     4096          2 /
ecryptfs-   40       root  rtd       DIR              252,0     4096          2 /
ecryptfs-   40       root  txt   unknown                                        /proc/40/exe
crypto      41       root  cwd       DIR              252,0     4096          2 /
crypto      41       root  rtd       DIR              252,0     4096          2 /
crypto      41       root  txt   unknown                                        /proc/41/exe
kthrotld    53       root  cwd       DIR              252,0     4096          2 /
kthrotld    53       root  rtd       DIR              252,0     4096          2 /
kthrotld    53       root  txt   unknown                                        /proc/53/exe
scsi_eh_0   55       root  cwd       DIR              252,0     4096          2 /
scsi_eh_0   55       root  rtd       DIR              252,0     4096          2 /
scsi_eh_0   55       root  txt   unknown                                        /proc/55/exe
scsi_eh_1   56       root  cwd       DIR              252,0     4096          2 /
scsi_eh_1   56       root  rtd       DIR              252,0     4096          2 /
scsi_eh_1   56       root  txt   unknown                                        /proc/56/exe
deferwq     77       root  cwd       DIR              252,0     4096          2 /
deferwq     77       root  rtd       DIR              252,0     4096          2 /
deferwq     77       root  txt   unknown                                        /proc/77/exe
charger_m   78       root  cwd       DIR              252,0     4096          2 /
charger_m   78       root  rtd       DIR              252,0     4096          2 /
charger_m   78       root  txt   unknown                                        /proc/78/exe
scsi_eh_2  236       root  cwd       DIR              252,0     4096          2 /
scsi_eh_2  236       root  rtd       DIR              252,0     4096          2 /
scsi_eh_2  236       root  txt   unknown                                        /proc/236/exe
kdmflush   257       root  cwd       DIR              252,0     4096          2 /
kdmflush   257       root  rtd       DIR              252,0     4096          2 /
kdmflush   257       root  txt   unknown                                        /proc/257/exe
bioset     259       root  cwd       DIR              252,0     4096          2 /
bioset     259       root  rtd       DIR              252,0     4096          2 /
bioset     259       root  txt   unknown                                        /proc/259/exe
kdmflush   270       root  cwd       DIR              252,0     4096          2 /
kdmflush   270       root  rtd       DIR              252,0     4096          2 /
kdmflush   270       root  txt   unknown                                        /proc/270/exe
bioset     271       root  cwd       DIR              252,0     4096          2 /
bioset     271       root  rtd       DIR              252,0     4096          2 /
bioset     271       root  txt   unknown                                        /proc/271/exe
jbd2/dm-0  280       root  cwd       DIR              252,0     4096          2 /
jbd2/dm-0  280       root  rtd       DIR              252,0     4096          2 /
jbd2/dm-0  280       root  txt   unknown                                        /proc/280/exe
ext4-rsv-  281       root  cwd       DIR              252,0     4096          2 /
ext4-rsv-  281       root  rtd       DIR              252,0     4096          2 /
ext4-rsv-  281       root  txt   unknown                                        /proc/281/exe
upstart-u  374       root  cwd       DIR              252,0     4096          2 /
upstart-u  374       root  rtd       DIR              252,0     4096          2 /
upstart-u  374       root  txt       REG              252,0    51424     131256 /sbin/upstart-udev-bridge
upstart-u  374       root  mem       REG              252,0    31752     524518 /lib/x86_64-linux-gnu/librt-2.15.so
upstart-u  374       root  mem       REG              252,0  1819320     528417 /lib/x86_64-linux-gnu/libc-2.15.so
upstart-u  374       root  mem       REG              252,0    51080     524296 /lib/x86_64-linux-gnu/libudev.so.0.13.0
upstart-u  374       root  mem       REG              252,0   135366     528423 /lib/x86_64-linux-gnu/libpthread-2.15.so
upstart-u  374       root  mem       REG              252,0   276392     524304 /lib/x86_64-linux-gnu/libdbus-1.so.3.5.8
upstart-u  374       root  mem       REG              252,0    38888     524345 /lib/x86_64-linux-gnu/libnih-dbus.so.1.0.0
upstart-u  374       root  mem       REG              252,0    96240     524341 /lib/x86_64-linux-gnu/libnih.so.1.0.0
upstart-u  374       root  mem       REG              252,0   149280     528425 /lib/x86_64-linux-gnu/ld-2.15.so
upstart-u  374       root    0u      CHR                1,3      0t0         15 /dev/null
upstart-u  374       root    1u      CHR                1,3      0t0         15 /dev/null
upstart-u  374       root    2u      CHR                1,3      0t0         15 /dev/null
upstart-u  374       root    3u     unix 0xffff8800369eed80      0t0        635 socket
upstart-u  374       root    4r     FIFO                0,8      0t0        636 pipe
upstart-u  374       root    5w     FIFO                0,8      0t0        636 pipe
upstart-u  374       root    6u     sock                0,7      0t0        637 can't identify protocol
udevd      379       root  cwd       DIR              252,0     4096          2 /
udevd      379       root  rtd       DIR              252,0     4096          2 /
udevd      379       root  txt       REG              252,0   137304     131155 /sbin/udevd
udevd      379       root  mem       REG              252,0    48024     528426 /lib/x86_64-linux-gnu/libnss_files-2.15.so
udevd      379       root  mem       REG              252,0    47680     528428 /lib/x86_64-linux-gnu/libnss_nis-2.15.so
udevd      379       root  mem       REG              252,0    97248     528418 /lib/x86_64-linux-gnu/libnsl-2.15.so
udevd      379       root  mem       REG              252,0    35680     528429 /lib/x86_64-linux-gnu/libnss_compat-2.15.so
udevd      379       root  mem       REG              252,0   135366     528423 /lib/x86_64-linux-gnu/libpthread-2.15.so
udevd      379       root  mem       REG              252,0    14768     528414 /lib/x86_64-linux-gnu/libdl-2.15.so
udevd      379       root  mem       REG              252,0  1819320     528417 /lib/x86_64-linux-gnu/libc-2.15.so
udevd      379       root  mem       REG              252,0    31752     524518 /lib/x86_64-linux-gnu/librt-2.15.so
udevd      379       root  mem       REG              252,0   121936     524353 /lib/x86_64-linux-gnu/libselinux.so.1
udevd      379       root  mem       REG              252,0   149280     528425 /lib/x86_64-linux-gnu/ld-2.15.so
udevd      379       root    0u      CHR                1,3      0t0         15 /dev/null
udevd      379       root    1u      CHR                1,3      0t0         15 /dev/null
udevd      379       root    2u      CHR                1,3      0t0         15 /dev/null
udevd      379       root    3u     unix 0xffff880115aa3480      0t0       7779 /run/udev/control
udevd      379       root    4u     sock                0,7      0t0       7780 can't identify protocol
udevd      379       root    5u      REG               0,16        8      10905 /run/udev/queue.bin
udevd      379       root    6r     0000                0,9        0       6269 anon_inode
udevd      379       root    7u     0000                0,9        0       6269 anon_inode
udevd      379       root    8u     unix 0xffff880115aa1f80      0t0       7818 socket
udevd      379       root    9u     unix 0xffff880115aa2300      0t0       7819 socket
udevd      379       root   10u     0000                0,9        0       6269 anon_inode
ext4-rsv-  400       root  cwd       DIR              252,0     4096          2 /
ext4-rsv-  400       root  rtd       DIR              252,0     4096          2 /
ext4-rsv-  400       root  txt   unknown                                        /proc/400/exe
kworker/u  579       root  cwd       DIR              252,0     4096          2 /
kworker/u  579       root  rtd       DIR              252,0     4096          2 /
kworker/u  579       root  txt   unknown                                        /proc/579/exe
iprt-VBox  590       root  cwd       DIR              252,0     4096          2 /
iprt-VBox  590       root  rtd       DIR              252,0     4096          2 /
iprt-VBox  590       root  txt   unknown                                        /proc/590/exe
kpsmoused  604       root  cwd       DIR              252,0     4096          2 /
kpsmoused  604       root  rtd       DIR              252,0     4096          2 /
kpsmoused  604       root  txt   unknown                                        /proc/604/exe
rsyslogd   606     syslog  cwd       DIR              252,0     4096          2 /
rsyslogd   606     syslog  rtd       DIR              252,0     4096          2 /
rsyslogd   606     syslog  txt       REG              252,0   384440     922587 /usr/sbin/rsyslogd
rsyslogd   606     syslog  mem       REG              252,0    47680     528428 /lib/x86_64-linux-gnu/libnss_nis-2.15.so
rsyslogd   606     syslog  mem       REG              252,0    97248     528418 /lib/x86_64-linux-gnu/libnsl-2.15.so
rsyslogd   606     syslog  mem       REG              252,0    35680     528429 /lib/x86_64-linux-gnu/libnss_compat-2.15.so
rsyslogd   606     syslog  mem       REG              252,0    27768    1050374 /usr/lib/rsyslog/imklog.so
rsyslogd   606     syslog  mem       REG              252,0   339272    1050387 /usr/lib/rsyslog/imuxsock.so
rsyslogd   606     syslog  mem       REG              252,0    48024     528426 /lib/x86_64-linux-gnu/libnss_files-2.15.so
rsyslogd   606     syslog  mem       REG              252,0    23344    1050375 /usr/lib/rsyslog/lmnet.so
rsyslogd   606     syslog  mem       REG              252,0  1819320     528417 /lib/x86_64-linux-gnu/libc-2.15.so
rsyslogd   606     syslog  mem       REG              252,0    31752     524518 /lib/x86_64-linux-gnu/librt-2.15.so
rsyslogd   606     syslog  mem       REG              252,0    14768     528414 /lib/x86_64-linux-gnu/libdl-2.15.so
rsyslogd   606     syslog  mem       REG              252,0   135366     528423 /lib/x86_64-linux-gnu/libpthread-2.15.so
rsyslogd   606     syslog  mem       REG              252,0    92720     524519 /lib/x86_64-linux-gnu/libz.so.1.2.3.4
rsyslogd   606     syslog  mem       REG              252,0   149280     528425 /lib/x86_64-linux-gnu/ld-2.15.so
rsyslogd   606     syslog    0u     unix 0xffff8800d9183480      0t0       8068 /dev/log
rsyslogd   606     syslog    1w      REG              252,0   444760    1048637 /var/log/syslog
rsyslogd   606     syslog    2w      REG              252,0   431164    1057980 /var/log/kern.log
rsyslogd   606     syslog    3r      REG                0,3        0 4026532034 /proc/kmsg
rsyslogd   606     syslog    4w      REG              252,0    28630    1048634 /var/log/auth.log
ttm_swap   609       root  cwd       DIR              252,0     4096          2 /
ttm_swap   609       root  rtd       DIR              252,0     4096          2 /
ttm_swap   609       root  txt   unknown                                        /proc/609/exe
dbus-daem  631 messagebus  cwd       DIR              252,0     4096          2 /
dbus-daem  631 messagebus  rtd       DIR              252,0     4096          2 /
dbus-daem  631 messagebus  txt       REG              252,0   411720     135763 /bin/dbus-daemon
dbus-daem  631 messagebus  mem       REG              252,0    48024     528426 /lib/x86_64-linux-gnu/libnss_files-2.15.so
dbus-daem  631 messagebus  mem       REG              252,0    47680     528428 /lib/x86_64-linux-gnu/libnss_nis-2.15.so
dbus-daem  631 messagebus  mem       REG              252,0    97248     528418 /lib/x86_64-linux-gnu/libnsl-2.15.so
dbus-daem  631 messagebus  mem       REG              252,0    35680     528429 /lib/x86_64-linux-gnu/libnss_compat-2.15.so
dbus-daem  631 messagebus  mem       REG              252,0    14768     528414 /lib/x86_64-linux-gnu/libdl-2.15.so
dbus-daem  631 messagebus  mem       REG              252,0  1819320     528417 /lib/x86_64-linux-gnu/libc-2.15.so
dbus-daem  631 messagebus  mem       REG              252,0    31752     524518 /lib/x86_64-linux-gnu/librt-2.15.so
dbus-daem  631 messagebus  mem       REG              252,0   135366     528423 /lib/x86_64-linux-gnu/libpthread-2.15.so
dbus-daem  631 messagebus  mem       REG              252,0   121936     524353 /lib/x86_64-linux-gnu/libselinux.so.1
dbus-daem  631 messagebus  mem       REG              252,0   170016     524594 /lib/x86_64-linux-gnu/libexpat.so.1.5.2
dbus-daem  631 messagebus  mem       REG              252,0   149280     528425 /lib/x86_64-linux-gnu/ld-2.15.so
dbus-daem  631 messagebus    0u      CHR                1,3      0t0         15 /dev/null
dbus-daem  631 messagebus    1u      CHR                1,3      0t0         15 /dev/null
dbus-daem  631 messagebus    2u      CHR                1,3      0t0         15 /dev/null
dbus-daem  631 messagebus    3u     unix 0xffff8800d915ca80      0t0        804 /var/run/dbus/system_bus_socket
dbus-daem  631 messagebus    4u      CHR                1,3      0t0         15 /dev/null
dbus-daem  631 messagebus    5r     0000                0,9        0       6269 anon_inode
dbus-daem  631 messagebus    6u     unix 0xffff8800d9182a00      0t0       8077 socket
dbus-daem  631 messagebus    7u     unix 0xffff8800d9182680      0t0       8078 socket
dbus-daem  631 messagebus    8u     unix 0xffff8800d915e300      0t0       8243 /var/run/dbus/system_bus_socket
dbus-daem  631 messagebus   10u     unix 0xffff88003604a300      0t0       9321 /var/run/dbus/system_bus_socket
dbus-daem  631 messagebus   11u     unix 0xffff8800da460a80      0t0      10384 /var/run/dbus/system_bus_socket
upstart-s  730       root  cwd       DIR              252,0     4096          2 /
upstart-s  730       root  rtd       DIR              252,0     4096          2 /
upstart-s  730       root  txt       REG              252,0   108744     131255 /sbin/upstart-socket-bridge
upstart-s  730       root  mem       REG              252,0    31752     524518 /lib/x86_64-linux-gnu/librt-2.15.so
upstart-s  730       root  mem       REG              252,0  1819320     528417 /lib/x86_64-linux-gnu/libc-2.15.so
upstart-s  730       root  mem       REG              252,0   135366     528423 /lib/x86_64-linux-gnu/libpthread-2.15.so
upstart-s  730       root  mem       REG              252,0   276392     524304 /lib/x86_64-linux-gnu/libdbus-1.so.3.5.8
upstart-s  730       root  mem       REG              252,0    38888     524345 /lib/x86_64-linux-gnu/libnih-dbus.so.1.0.0
upstart-s  730       root  mem       REG              252,0    96240     524341 /lib/x86_64-linux-gnu/libnih.so.1.0.0
upstart-s  730       root  mem       REG              252,0   149280     528425 /lib/x86_64-linux-gnu/ld-2.15.so
upstart-s  730       root    0u      CHR                1,3      0t0         15 /dev/null
upstart-s  730       root    1u      CHR                1,3      0t0         15 /dev/null
upstart-s  730       root    2u      CHR                1,3      0t0         15 /dev/null
upstart-s  730       root    3u     0000                0,9        0       6269 anon_inode
upstart-s  730       root    4u     unix 0xffff8800d9183800      0t0       8394 socket
upstart-s  730       root    5r     FIFO                0,8      0t0       8395 pipe
upstart-s  730       root    6w     FIFO                0,8      0t0       8395 pipe
kworker/0  737       root  cwd       DIR              252,0     4096          2 /
kworker/0  737       root  rtd       DIR              252,0     4096          2 /
kworker/0  737       root  txt   unknown                                        /proc/737/exe
dhclient3  901       root  cwd       DIR              252,0     4096          2 /
dhclient3  901       root  rtd       DIR              252,0     4096          2 /
dhclient3  901       root  txt       REG              252,0   551704     135663 /sbin/dhclient
dhclient3  901       root  mem       REG              252,0    48024     528426 /lib/x86_64-linux-gnu/libnss_files-2.15.so
dhclient3  901       root  mem       REG              252,0  1819320     528417 /lib/x86_64-linux-gnu/libc-2.15.so
dhclient3  901       root  mem       REG              252,0   149280     528425 /lib/x86_64-linux-gnu/ld-2.15.so
dhclient3  901       root    0u      CHR                1,3      0t0         15 /dev/null
dhclient3  901       root    1u      CHR                1,3      0t0         15 /dev/null
dhclient3  901       root    2u      CHR                1,3      0t0         15 /dev/null
dhclient3  901       root    3r      REG              252,0      268     393278 /etc/network/interfaces
dhclient3  901       root    4u     unix 0xffff8800d915ea00      0t0       8384 socket
dhclient3  901       root    5w      REG              252,0      966    1058015 /var/lib/dhcp/dhclient.eth0.leases
dhclient3  901       root    6u     pack               8425      0t0        ALL type=SOCK_RAW
dhclient3  901       root    7u     IPv4               9102      0t0        UDP *:bootpc 
getty     1002       root  cwd       DIR              252,0     4096          2 /
getty     1002       root  rtd       DIR              252,0     4096          2 /
getty     1002       root  txt       REG              252,0    32048     131199 /sbin/getty
getty     1002       root  mem       REG              252,0  2919792     923568 /usr/lib/locale/locale-archive
getty     1002       root  mem       REG              252,0    48024     528426 /lib/x86_64-linux-gnu/libnss_files-2.15.so
getty     1002       root  mem       REG              252,0    47680     528428 /lib/x86_64-linux-gnu/libnss_nis-2.15.so
getty     1002       root  mem       REG              252,0    97248     528418 /lib/x86_64-linux-gnu/libnsl-2.15.so
getty     1002       root  mem       REG              252,0    35680     528429 /lib/x86_64-linux-gnu/libnss_compat-2.15.so
getty     1002       root  mem       REG              252,0  1819320     528417 /lib/x86_64-linux-gnu/libc-2.15.so
getty     1002       root  mem       REG              252,0   149280     528425 /lib/x86_64-linux-gnu/ld-2.15.so
getty     1002       root  mem       REG              252,0    26258     918198 /usr/lib/x86_64-linux-gnu/gconv/gconv-modules.cache
getty     1002       root  mem       REG              252,0   151984     918083 /usr/lib/locale/C.UTF-8/LC_CTYPE
getty     1002       root    0u      CHR                4,4      0t0         32 /dev/tty4
getty     1002       root    1u      CHR                4,4      0t0         32 /dev/tty4
getty     1002       root    2u      CHR                4,4      0t0         32 /dev/tty4
getty     1007       root  cwd       DIR              252,0     4096          2 /
getty     1007       root  rtd       DIR              252,0     4096          2 /
getty     1007       root  txt       REG              252,0    32048     131199 /sbin/getty
getty     1007       root  mem       REG              252,0  2919792     923568 /usr/lib/locale/locale-archive
getty     1007       root  mem       REG              252,0    48024     528426 /lib/x86_64-linux-gnu/libnss_files-2.15.so
getty     1007       root  mem       REG              252,0    47680     528428 /lib/x86_64-linux-gnu/libnss_nis-2.15.so
getty     1007       root  mem       REG              252,0    97248     528418 /lib/x86_64-linux-gnu/libnsl-2.15.so
getty     1007       root  mem       REG              252,0    35680     528429 /lib/x86_64-linux-gnu/libnss_compat-2.15.so
getty     1007       root  mem       REG              252,0  1819320     528417 /lib/x86_64-linux-gnu/libc-2.15.so
getty     1007       root  mem       REG              252,0   149280     528425 /lib/x86_64-linux-gnu/ld-2.15.so
getty     1007       root  mem       REG              252,0    26258     918198 /usr/lib/x86_64-linux-gnu/gconv/gconv-modules.cache
getty     1007       root  mem       REG              252,0   151984     918083 /usr/lib/locale/C.UTF-8/LC_CTYPE
getty     1007       root    0u      CHR                4,5      0t0         33 /dev/tty5
getty     1007       root    1u      CHR                4,5      0t0         33 /dev/tty5
getty     1007       root    2u      CHR                4,5      0t0         33 /dev/tty5
getty     1011       root  cwd       DIR              252,0     4096          2 /
getty     1011       root  rtd       DIR              252,0     4096          2 /
getty     1011       root  txt       REG              252,0    32048     131199 /sbin/getty
getty     1011       root  mem       REG              252,0  2919792     923568 /usr/lib/locale/locale-archive
getty     1011       root  mem       REG              252,0    48024     528426 /lib/x86_64-linux-gnu/libnss_files-2.15.so
getty     1011       root  mem       REG              252,0    47680     528428 /lib/x86_64-linux-gnu/libnss_nis-2.15.so
getty     1011       root  mem       REG              252,0    97248     528418 /lib/x86_64-linux-gnu/libnsl-2.15.so
getty     1011       root  mem       REG              252,0    35680     528429 /lib/x86_64-linux-gnu/libnss_compat-2.15.so
getty     1011       root  mem       REG              252,0  1819320     528417 /lib/x86_64-linux-gnu/libc-2.15.so
getty     1011       root  mem       REG              252,0   149280     528425 /lib/x86_64-linux-gnu/ld-2.15.so
getty     1011       root  mem       REG              252,0    26258     918198 /usr/lib/x86_64-linux-gnu/gconv/gconv-modules.cache
getty     1011       root  mem       REG              252,0   151984     918083 /usr/lib/locale/C.UTF-8/LC_CTYPE
getty     1011       root    0u      CHR                4,2      0t0         30 /dev/tty2
getty     1011       root    1u      CHR                4,2      0t0         30 /dev/tty2
getty     1011       root    2u      CHR                4,2      0t0         30 /dev/tty2
getty     1012       root  cwd       DIR              252,0     4096          2 /
getty     1012       root  rtd       DIR              252,0     4096          2 /
getty     1012       root  txt       REG              252,0    32048     131199 /sbin/getty
getty     1012       root  mem       REG              252,0  2919792     923568 /usr/lib/locale/locale-archive
getty     1012       root  mem       REG              252,0    48024     528426 /lib/x86_64-linux-gnu/libnss_files-2.15.so
getty     1012       root  mem       REG              252,0    47680     528428 /lib/x86_64-linux-gnu/libnss_nis-2.15.so
getty     1012       root  mem       REG              252,0    97248     528418 /lib/x86_64-linux-gnu/libnsl-2.15.so
getty     1012       root  mem       REG              252,0    35680     528429 /lib/x86_64-linux-gnu/libnss_compat-2.15.so
getty     1012       root  mem       REG              252,0  1819320     528417 /lib/x86_64-linux-gnu/libc-2.15.so
getty     1012       root  mem       REG              252,0   149280     528425 /lib/x86_64-linux-gnu/ld-2.15.so
getty     1012       root  mem       REG              252,0    26258     918198 /usr/lib/x86_64-linux-gnu/gconv/gconv-modules.cache
getty     1012       root  mem       REG              252,0   151984     918083 /usr/lib/locale/C.UTF-8/LC_CTYPE
getty     1012       root    0u      CHR                4,3      0t0         31 /dev/tty3
getty     1012       root    1u      CHR                4,3      0t0         31 /dev/tty3
getty     1012       root    2u      CHR                4,3      0t0         31 /dev/tty3
getty     1014       root  cwd       DIR              252,0     4096          2 /
getty     1014       root  rtd       DIR              252,0     4096          2 /
getty     1014       root  txt       REG              252,0    32048     131199 /sbin/getty
getty     1014       root  mem       REG              252,0  2919792     923568 /usr/lib/locale/locale-archive
getty     1014       root  mem       REG              252,0    48024     528426 /lib/x86_64-linux-gnu/libnss_files-2.15.so
getty     1014       root  mem       REG              252,0    47680     528428 /lib/x86_64-linux-gnu/libnss_nis-2.15.so
getty     1014       root  mem       REG              252,0    97248     528418 /lib/x86_64-linux-gnu/libnsl-2.15.so
getty     1014       root  mem       REG              252,0    35680     528429 /lib/x86_64-linux-gnu/libnss_compat-2.15.so
getty     1014       root  mem       REG              252,0  1819320     528417 /lib/x86_64-linux-gnu/libc-2.15.so
getty     1014       root  mem       REG              252,0   149280     528425 /lib/x86_64-linux-gnu/ld-2.15.so
getty     1014       root  mem       REG              252,0    26258     918198 /usr/lib/x86_64-linux-gnu/gconv/gconv-modules.cache
getty     1014       root  mem       REG              252,0   151984     918083 /usr/lib/locale/C.UTF-8/LC_CTYPE
getty     1014       root    0u      CHR                4,6      0t0         34 /dev/tty6
getty     1014       root    1u      CHR                4,6      0t0         34 /dev/tty6
getty     1014       root    2u      CHR                4,6      0t0         34 /dev/tty6
atd       1024     daemon  cwd       DIR              252,0     4096    1056284 /var/spool/cron/atjobs
atd       1024     daemon  rtd       DIR              252,0     4096          2 /
atd       1024     daemon  txt       REG              252,0    23152     931015 /usr/sbin/atd
atd       1024     daemon  mem       REG              252,0    48024     528426 /lib/x86_64-linux-gnu/libnss_files-2.15.so
atd       1024     daemon  mem       REG              252,0    47680     528428 /lib/x86_64-linux-gnu/libnss_nis-2.15.so
atd       1024     daemon  mem       REG              252,0    97248     528418 /lib/x86_64-linux-gnu/libnsl-2.15.so
atd       1024     daemon  mem       REG              252,0    35680     528429 /lib/x86_64-linux-gnu/libnss_compat-2.15.so
atd       1024     daemon  mem       REG              252,0    14768     528414 /lib/x86_64-linux-gnu/libdl-2.15.so
atd       1024     daemon  mem       REG              252,0  1819320     528417 /lib/x86_64-linux-gnu/libc-2.15.so
atd       1024     daemon  mem       REG              252,0    55744     524461 /lib/x86_64-linux-gnu/libpam.so.0.83.0
atd       1024     daemon  mem       REG              252,0   149280     528425 /lib/x86_64-linux-gnu/ld-2.15.so
atd       1024     daemon    0u      CHR                1,3      0t0         15 /dev/null
atd       1024     daemon    1u      CHR                1,3      0t0         15 /dev/null
atd       1024     daemon    2u      CHR                1,3      0t0         15 /dev/null
atd       1024     daemon    3uW     REG               0,16        5       9293 /run/atd.pid
cron      1025       root  cwd       DIR              252,0     4096    1049794 /var/spool/cron
cron      1025       root  rtd       DIR              252,0     4096          2 /
cron      1025       root  txt       REG              252,0    44320     922444 /usr/sbin/cron
cron      1025       root  mem       REG              252,0    48024     528426 /lib/x86_64-linux-gnu/libnss_files-2.15.so
cron      1025       root  mem       REG              252,0    47680     528428 /lib/x86_64-linux-gnu/libnss_nis-2.15.so
cron      1025       root  mem       REG              252,0    97248     528418 /lib/x86_64-linux-gnu/libnsl-2.15.so
cron      1025       root  mem       REG              252,0    35680     528429 /lib/x86_64-linux-gnu/libnss_compat-2.15.so
cron      1025       root  mem       REG              252,0    14768     528414 /lib/x86_64-linux-gnu/libdl-2.15.so
cron      1025       root  mem       REG              252,0  1819320     528417 /lib/x86_64-linux-gnu/libc-2.15.so
cron      1025       root  mem       REG              252,0   121936     524353 /lib/x86_64-linux-gnu/libselinux.so.1
cron      1025       root  mem       REG              252,0    55744     524461 /lib/x86_64-linux-gnu/libpam.so.0.83.0
cron      1025       root  mem       REG              252,0   149280     528425 /lib/x86_64-linux-gnu/ld-2.15.so
cron      1025       root    0r      CHR                1,3      0t0         15 /dev/null
cron      1025       root    1w      CHR                1,3      0t0         15 /dev/null
cron      1025       root    2w      CHR                1,3      0t0         15 /dev/null
cron      1025       root    3u      REG               0,16        5       9290 /run/crond.pid
irqbalanc 1044       root  cwd       DIR              252,0     4096          2 /
irqbalanc 1044       root  rtd       DIR              252,0     4096          2 /
irqbalanc 1044       root  txt       REG              252,0    27096     931214 /usr/sbin/irqbalance
irqbalanc 1044       root  mem       REG              252,0    31752     524518 /lib/x86_64-linux-gnu/librt-2.15.so
irqbalanc 1044       root  mem       REG              252,0   135366     528423 /lib/x86_64-linux-gnu/libpthread-2.15.so
irqbalanc 1044       root  mem       REG              252,0   247896     524372 /lib/x86_64-linux-gnu/libpcre.so.3.12.1
irqbalanc 1044       root  mem       REG              252,0  1819320     528417 /lib/x86_64-linux-gnu/libc-2.15.so
irqbalanc 1044       root  mem       REG              252,0  1000472     524335 /lib/x86_64-linux-gnu/libglib-2.0.so.0.3200.4
irqbalanc 1044       root  mem       REG              252,0    18304     931211 /usr/lib/libcap-ng.so.0.0.0
irqbalanc 1044       root  mem       REG              252,0   149280     528425 /lib/x86_64-linux-gnu/ld-2.15.so
irqbalanc 1044       root    0u      CHR                1,3      0t0         15 /dev/null
irqbalanc 1044       root    1u      CHR                1,3      0t0         15 /dev/null
irqbalanc 1044       root    2u      CHR                1,3      0t0         15 /dev/null
whoopsie  1059   whoopsie  cwd       DIR              252,0     4096          2 /
whoopsie  1059   whoopsie  rtd       DIR              252,0     4096          2 /
whoopsie  1059   whoopsie  txt       REG              252,0    44496     922550 /usr/bin/whoopsie
whoopsie  1059   whoopsie  mem       REG              252,0    48024     528426 /lib/x86_64-linux-gnu/libnss_files-2.15.so
whoopsie  1059   whoopsie  mem       REG              252,0    47680     528428 /lib/x86_64-linux-gnu/libnss_nis-2.15.so
whoopsie  1059   whoopsie  mem       REG              252,0    97248     528418 /lib/x86_64-linux-gnu/libnsl-2.15.so
whoopsie  1059   whoopsie  mem       REG              252,0    35680     528429 /lib/x86_64-linux-gnu/libnss_compat-2.15.so
whoopsie  1059   whoopsie  mem       REG              252,0    43288     528413 /lib/x86_64-linux-gnu/libcrypt-2.15.so
whoopsie  1059   whoopsie  mem       REG              252,0   664504     919060 /usr/lib/x86_64-linux-gnu/libsqlite3.so.0.8.6
whoopsie  1059   whoopsie  mem       REG              252,0   300704     930645 /usr/lib/x86_64-linux-gnu/libhx509.so.5.0.0
whoopsie  1059   whoopsie  mem       REG              252,0    61264     930639 /usr/lib/x86_64-linux-gnu/libheimbase.so.1.0.0
whoopsie  1059   whoopsie  mem       REG              252,0   166096     930642 /usr/lib/x86_64-linux-gnu/libwind.so.0.0.0
whoopsie  1059   whoopsie  mem       REG              252,0    14360     524610 /lib/x86_64-linux-gnu/libkeyutils.so.1.4
whoopsie  1059   whoopsie  mem       REG              252,0    72752     930614 /usr/lib/x86_64-linux-gnu/libp11-kit.so.0.0.0
whoopsie  1059   whoopsie  mem       REG              252,0    67864     922251 /usr/lib/x86_64-linux-gnu/libtasn1.so.3.1.12
whoopsie  1059   whoopsie  mem       REG              252,0    86024     930608 /usr/lib/x86_64-linux-gnu/libroken.so.18.1.0
whoopsie  1059   whoopsie  mem       REG              252,0   209184     930636 /usr/lib/x86_64-linux-gnu/libhcrypto.so.4.1.0
whoopsie  1059   whoopsie  mem       REG              252,0   655152     930611 /usr/lib/x86_64-linux-gnu/libasn1.so.8.0.0
whoopsie  1059   whoopsie  mem       REG              252,0   547488     930648 /usr/lib/x86_64-linux-gnu/libkrb5.so.26.0.0
whoopsie  1059   whoopsie  mem       REG              252,0    27624     930651 /usr/lib/x86_64-linux-gnu/libheimntlm.so.0.1.0
whoopsie  1059   whoopsie  mem       REG              252,0    31200     922266 /usr/lib/x86_64-linux-gnu/libkrb5support.so.0.1
whoopsie  1059   whoopsie  mem       REG              252,0    14696     524298 /lib/x86_64-linux-gnu/libcom_err.so.2.1
whoopsie  1059   whoopsie  mem       REG              252,0   158168     922256 /usr/lib/x86_64-linux-gnu/libk5crypto.so.3.1
whoopsie  1059   whoopsie  mem       REG              252,0   844648     922264 /usr/lib/x86_64-linux-gnu/libkrb5.so.3.3
whoopsie  1059   whoopsie  mem       REG              252,0   770952     922254 /usr/lib/x86_64-linux-gnu/libgnutls.so.26.21.8
whoopsie  1059   whoopsie  mem       REG              252,0   252312     930654 /usr/lib/x86_64-linux-gnu/libgssapi.so.3.0.0
whoopsie  1059   whoopsie  mem       REG              252,0   109288     930661 /usr/lib/x86_64-linux-gnu/libsasl2.so.2.0.25
whoopsie  1059   whoopsie  mem       REG              252,0    14768     528414 /lib/x86_64-linux-gnu/libdl-2.15.so
whoopsie  1059   whoopsie  mem       REG              252,0    14352     524605 /lib/x86_64-linux-gnu/libgpg-error.so.0.8.0
whoopsie  1059   whoopsie  mem       REG              252,0   105656     930672 /usr/lib/x86_64-linux-gnu/librtmp.so.0
whoopsie  1059   whoopsie  mem       REG              252,0  1938840     524302 /lib/x86_64-linux-gnu/libcrypto.so.1.0.0
whoopsie  1059   whoopsie  mem       REG              252,0   387168     524303 /lib/x86_64-linux-gnu/libssl.so.1.0.0
whoopsie  1059   whoopsie  mem       REG              252,0   257328     922259 /usr/lib/x86_64-linux-gnu/libgssapi_krb5.so.2.2
whoopsie  1059   whoopsie  mem       REG              252,0   314936     922274 /usr/lib/x86_64-linux-gnu/libldap_r-2.4.so.2.8.1
whoopsie  1059   whoopsie  mem       REG              252,0    55528     922273 /usr/lib/x86_64-linux-gnu/liblber-2.4.so.2.8.1
whoopsie  1059   whoopsie  mem       REG              252,0   211408     922269 /usr/lib/x86_64-linux-gnu/libidn.so.11.6.6
whoopsie  1059   whoopsie  mem       REG              252,0    31752     524518 /lib/x86_64-linux-gnu/librt-2.15.so
whoopsie  1059   whoopsie  mem       REG              252,0   135366     528423 /lib/x86_64-linux-gnu/libpthread-2.15.so
whoopsie  1059   whoopsie  mem       REG              252,0   247896     524372 /lib/x86_64-linux-gnu/libpcre.so.3.12.1
whoopsie  1059   whoopsie  mem       REG              252,0    30896     918944 /usr/lib/x86_64-linux-gnu/libffi.so.6.0.0
whoopsie  1059   whoopsie  mem       REG              252,0   105288     528416 /lib/x86_64-linux-gnu/libresolv-2.15.so
whoopsie  1059   whoopsie  mem       REG              252,0   121936     524353 /lib/x86_64-linux-gnu/libselinux.so.1
whoopsie  1059   whoopsie  mem       REG              252,0    92720     524519 /lib/x86_64-linux-gnu/libz.so.1.2.3.4
whoopsie  1059   whoopsie  mem       REG              252,0    14528     918245 /usr/lib/x86_64-linux-gnu/libgmodule-2.0.so.0.3200.4
whoopsie  1059   whoopsie  mem       REG              252,0  1819320     528417 /lib/x86_64-linux-gnu/libc-2.15.so
whoopsie  1059   whoopsie  mem       REG              252,0   520152     524351 /lib/x86_64-linux-gnu/libgcrypt.so.11.7.0
whoopsie  1059   whoopsie  mem       REG              252,0   381512     924035 /usr/lib/x86_64-linux-gnu/libcurl.so.4.2.0
whoopsie  1059   whoopsie  mem       REG              252,0  1000472     524335 /lib/x86_64-linux-gnu/libglib-2.0.so.0.3200.4
whoopsie  1059   whoopsie  mem       REG              252,0   322648     918256 /usr/lib/x86_64-linux-gnu/libgobject-2.0.so.0.3200.4
whoopsie  1059   whoopsie  mem       REG              252,0  1364896     918253 /usr/lib/x86_64-linux-gnu/libgio-2.0.so.0.3200.4
whoopsie  1059   whoopsie  mem       REG              252,0   149280     528425 /lib/x86_64-linux-gnu/ld-2.15.so
whoopsie  1059   whoopsie  mem       REG              252,0    26258     918198 /usr/lib/x86_64-linux-gnu/gconv/gconv-modules.cache
whoopsie  1059   whoopsie    0u      CHR                1,3      0t0         15 /dev/null
whoopsie  1059   whoopsie    1u      CHR                1,3      0t0         15 /dev/null
whoopsie  1059   whoopsie    2u      CHR                1,3      0t0         15 /dev/null
whoopsie  1059   whoopsie    3r     0000                0,9        0       6269 anon_inode
whoopsie  1059   whoopsie    4u     0000                0,9        0       6269 anon_inode
whoopsie  1059   whoopsie    5u     sock                0,7      0t0       9319 can't identify protocol
whoopsie  1059   whoopsie    6u     unix 0xffff880036048000      0t0       9320 socket
whoopsie  1059   whoopsie    7u     0000                0,9        0       6269 anon_inode
whoopsie  1059   whoopsie    8u     0000                0,9        0       6269 anon_inode
acpid     1061       root  cwd       DIR              252,0     4096          2 /
acpid     1061       root  rtd       DIR              252,0     4096          2 /
acpid     1061       root  txt       REG              252,0    43792     931724 /usr/sbin/acpid
acpid     1061       root  mem       REG              252,0  1819320     528417 /lib/x86_64-linux-gnu/libc-2.15.so
acpid     1061       root  mem       REG              252,0   149280     528425 /lib/x86_64-linux-gnu/ld-2.15.so
acpid     1061       root    0u      CHR                1,3      0t0         15 /dev/null
acpid     1061       root    1u      CHR                1,3      0t0         15 /dev/null
acpid     1061       root    2u      CHR                1,3      0t0         15 /dev/null
acpid     1061       root    3u     unix 0xffff880036049c00      0t0       9280 socket
acpid     1061       root    4r      CHR              13,64      0t0       7260 /dev/input/event0
acpid     1061       root    5r      CHR              13,65      0t0       7261 /dev/input/event1
acpid     1061       root    6r      CHR              13,66      0t0       7263 /dev/input/event2
acpid     1061       root    7r      CHR              13,68      0t0       7931 /dev/input/event4
acpid     1061       root    8r     0000                0,9        0       6269 anon_inode
acpid     1061       root    9u     sock                0,7      0t0       9325 can't identify protocol
acpid     1061       root   10u     unix 0xffff880036049180      0t0       9326 /var/run/acpid.socket
udevd     1122       root  cwd       DIR              252,0     4096          2 /
udevd     1122       root  rtd       DIR              252,0     4096          2 /
udevd     1122       root  txt       REG              252,0   137304     131155 /sbin/udevd
udevd     1122       root  mem       REG              252,0    48024     528426 /lib/x86_64-linux-gnu/libnss_files-2.15.so
udevd     1122       root  mem       REG              252,0    47680     528428 /lib/x86_64-linux-gnu/libnss_nis-2.15.so
udevd     1122       root  mem       REG              252,0    97248     528418 /lib/x86_64-linux-gnu/libnsl-2.15.so
udevd     1122       root  mem       REG              252,0    35680     528429 /lib/x86_64-linux-gnu/libnss_compat-2.15.so
udevd     1122       root  mem       REG              252,0   135366     528423 /lib/x86_64-linux-gnu/libpthread-2.15.so
udevd     1122       root  mem       REG              252,0    14768     528414 /lib/x86_64-linux-gnu/libdl-2.15.so
udevd     1122       root  mem       REG              252,0  1819320     528417 /lib/x86_64-linux-gnu/libc-2.15.so
udevd     1122       root  mem       REG              252,0    31752     524518 /lib/x86_64-linux-gnu/librt-2.15.so
udevd     1122       root  mem       REG              252,0   121936     524353 /lib/x86_64-linux-gnu/libselinux.so.1
udevd     1122       root  mem       REG              252,0   149280     528425 /lib/x86_64-linux-gnu/ld-2.15.so
udevd     1122       root    0u      CHR                1,3      0t0         15 /dev/null
udevd     1122       root    1u      CHR                1,3      0t0         15 /dev/null
udevd     1122       root    2u      CHR                1,3      0t0         15 /dev/null
udevd     1122       root    3u     0000                0,9        0       6269 anon_inode
udevd     1122       root    4u     0000                0,9        0       6269 anon_inode
udevd     1122       root    6r     0000                0,9        0       6269 anon_inode
udevd     1122       root    9u     unix 0xffff880115aa2300      0t0       7819 socket
udevd     1122       root   11u     sock                0,7      0t0      10277 can't identify protocol
udevd     1123       root  cwd       DIR              252,0     4096          2 /
udevd     1123       root  rtd       DIR              252,0     4096          2 /
udevd     1123       root  txt       REG              252,0   137304     131155 /sbin/udevd
udevd     1123       root  mem       REG              252,0    48024     528426 /lib/x86_64-linux-gnu/libnss_files-2.15.so
udevd     1123       root  mem       REG              252,0    47680     528428 /lib/x86_64-linux-gnu/libnss_nis-2.15.so
udevd     1123       root  mem       REG              252,0    97248     528418 /lib/x86_64-linux-gnu/libnsl-2.15.so
udevd     1123       root  mem       REG              252,0    35680     528429 /lib/x86_64-linux-gnu/libnss_compat-2.15.so
udevd     1123       root  mem       REG              252,0   135366     528423 /lib/x86_64-linux-gnu/libpthread-2.15.so
udevd     1123       root  mem       REG              252,0    14768     528414 /lib/x86_64-linux-gnu/libdl-2.15.so
udevd     1123       root  mem       REG              252,0  1819320     528417 /lib/x86_64-linux-gnu/libc-2.15.so
udevd     1123       root  mem       REG              252,0    31752     524518 /lib/x86_64-linux-gnu/librt-2.15.so
udevd     1123       root  mem       REG              252,0   121936     524353 /lib/x86_64-linux-gnu/libselinux.so.1
udevd     1123       root  mem       REG              252,0   149280     528425 /lib/x86_64-linux-gnu/ld-2.15.so
udevd     1123       root    0u      CHR                1,3      0t0         15 /dev/null
udevd     1123       root    1u      CHR                1,3      0t0         15 /dev/null
udevd     1123       root    2u      CHR                1,3      0t0         15 /dev/null
udevd     1123       root    3u     0000                0,9        0       6269 anon_inode
udevd     1123       root    4u     0000                0,9        0       6269 anon_inode
udevd     1123       root    6r     0000                0,9        0       6269 anon_inode
udevd     1123       root    9u     unix 0xffff880115aa2300      0t0       7819 socket
udevd     1123       root   11u     sock                0,7      0t0      10278 can't identify protocol
VBoxServi 1135       root  cwd       DIR              252,0     4096          2 /
VBoxServi 1135       root  rtd       DIR              252,0     4096          2 /
VBoxServi 1135       root  txt       REG              252,0  1664328     136484 /opt/VBoxGuestAdditions-6.0.10/sbin/VBoxService
VBoxServi 1135       root  mem       REG              252,0    48024     528426 /lib/x86_64-linux-gnu/libnss_files-2.15.so
VBoxServi 1135       root  mem       REG              252,0    47680     528428 /lib/x86_64-linux-gnu/libnss_nis-2.15.so
VBoxServi 1135       root  mem       REG              252,0    97248     528418 /lib/x86_64-linux-gnu/libnsl-2.15.so
VBoxServi 1135       root  mem       REG              252,0    35680     528429 /lib/x86_64-linux-gnu/libnss_compat-2.15.so
VBoxServi 1135       root  mem       REG              252,0   276392     524304 /lib/x86_64-linux-gnu/libdbus-1.so.3.5.8
VBoxServi 1135       root  mem       REG              252,0  1819320     528417 /lib/x86_64-linux-gnu/libc-2.15.so
VBoxServi 1135       root  mem       REG              252,0    31752     524518 /lib/x86_64-linux-gnu/librt-2.15.so
VBoxServi 1135       root  mem       REG              252,0   135366     528423 /lib/x86_64-linux-gnu/libpthread-2.15.so
VBoxServi 1135       root  mem       REG              252,0    14768     528414 /lib/x86_64-linux-gnu/libdl-2.15.so
VBoxServi 1135       root  mem       REG              252,0   149280     528425 /lib/x86_64-linux-gnu/ld-2.15.so
VBoxServi 1135       root  mem       REG              252,0    26258     918198 /usr/lib/x86_64-linux-gnu/gconv/gconv-modules.cache
VBoxServi 1135       root    0u      CHR                1,3      0t0         15 /dev/null
VBoxServi 1135       root    1u      CHR                1,3      0t0         15 /dev/null
VBoxServi 1135       root    2u      CHR                1,3      0t0         15 /dev/null
VBoxServi 1135       root    3u      CHR              10,57      0t0        857 /dev/vboxguest
VBoxServi 1135       root    4uW     REG               0,16        5      10380 /run/vboxadd-service.sh
VBoxServi 1135       root    6u     unix 0xffff8800da463100      0t0      10383 socket
login     1174       root  cwd       DIR              252,0     4096          2 /
login     1174       root  rtd       DIR              252,0     4096          2 /
login     1174       root  txt       REG              252,0    44928     131159 /bin/login
login     1174       root  mem       REG              252,0    48024     528426 /lib/x86_64-linux-gnu/libnss_files-2.15.so
login     1174       root  mem       REG              252,0    47680     528428 /lib/x86_64-linux-gnu/libnss_nis-2.15.so
login     1174       root  mem       REG              252,0    35680     528429 /lib/x86_64-linux-gnu/libnss_compat-2.15.so
login     1174       root  mem       REG              252,0    10304     524496 /lib/x86_64-linux-gnu/security/pam_umask.so
login     1174       root  mem       REG              252,0    10240     524365 /lib/x86_64-linux-gnu/security/pam_mail.so
login     1174       root  mem       REG              252,0    10272     524494 /lib/x86_64-linux-gnu/security/pam_motd.so
login     1174       root  mem       REG              252,0    10632     528422 /lib/x86_64-linux-gnu/libutil-2.15.so
login     1174       root  mem       REG              252,0    14416     524500 /lib/x86_64-linux-gnu/security/pam_lastlog.so
login     1174       root  mem       REG              252,0    18704     524366 /lib/x86_64-linux-gnu/security/pam_limits.so
login     1174       root  mem       REG              252,0    14488     524511 /lib/x86_64-linux-gnu/security/pam_group.so
login     1174       root  mem       REG              252,0     6040     524501 /lib/x86_64-linux-gnu/security/pam_permit.so
login     1174       root  mem       REG              252,0     5944     524513 /lib/x86_64-linux-gnu/security/pam_deny.so
login     1174       root  mem       REG              252,0    43288     528413 /lib/x86_64-linux-gnu/libcrypt-2.15.so
login     1174       root  mem       REG              252,0    97248     528418 /lib/x86_64-linux-gnu/libnsl-2.15.so
login     1174       root  mem       REG              252,0    56088     524475 /lib/x86_64-linux-gnu/security/pam_unix.so
login     1174       root  mem       REG              252,0    14392     524477 /lib/x86_64-linux-gnu/security/pam_env.so
login     1174       root  mem       REG              252,0   121936     524353 /lib/x86_64-linux-gnu/libselinux.so.1
login     1174       root  mem       REG              252,0    18608     524524 /lib/x86_64-linux-gnu/security/pam_selinux.so
login     1174       root  mem       REG              252,0     6104     524492 /lib/x86_64-linux-gnu/security/pam_nologin.so
login     1174       root  mem       REG              252,0    10216     524491 /lib/x86_64-linux-gnu/security/pam_securetty.so
login     1174       root  mem       REG              252,0    10240     524465 /lib/x86_64-linux-gnu/security/pam_faildelay.so
login     1174       root  mem       REG              252,0    14768     528414 /lib/x86_64-linux-gnu/libdl-2.15.so
login     1174       root  mem       REG              252,0  1819320     528417 /lib/x86_64-linux-gnu/libc-2.15.so
login     1174       root  mem       REG              252,0    14528     524301 /lib/x86_64-linux-gnu/libpam_misc.so.0.82.0
login     1174       root  mem       REG              252,0    55744     524461 /lib/x86_64-linux-gnu/libpam.so.0.83.0
login     1174       root  mem       REG              252,0   149280     528425 /lib/x86_64-linux-gnu/ld-2.15.so
login     1174       root    0u      CHR                4,1      0t0         29 /dev/tty1
login     1174       root    1u      CHR                4,1      0t0         29 /dev/tty1
login     1174       root    2u      CHR                4,1      0t0         29 /dev/tty1
login     1174       root    3u     unix 0xffff8800da461c00      0t0      10619 socket
bash      1328        may  cwd       DIR              252,0     4096    1186638 /home/may
bash      1328        may  rtd       DIR              252,0     4096          2 /
bash      1328        may  txt       REG              252,0   959120     131221 /bin/bash
bash      1328        may  mem       REG              252,0    48024     528426 /lib/x86_64-linux-gnu/libnss_files-2.15.so
bash      1328        may  mem       REG              252,0    47680     528428 /lib/x86_64-linux-gnu/libnss_nis-2.15.so
bash      1328        may  mem       REG              252,0    97248     528418 /lib/x86_64-linux-gnu/libnsl-2.15.so
bash      1328        may  mem       REG              252,0    35680     528429 /lib/x86_64-linux-gnu/libnss_compat-2.15.so
bash      1328        may  mem       REG              252,0  2919792     923568 /usr/lib/locale/locale-archive
bash      1328        may  mem       REG              252,0  1819320     528417 /lib/x86_64-linux-gnu/libc-2.15.so
bash      1328        may  mem       REG              252,0    14768     528414 /lib/x86_64-linux-gnu/libdl-2.15.so
bash      1328        may  mem       REG              252,0   159200     524358 /lib/x86_64-linux-gnu/libtinfo.so.5.9
bash      1328        may  mem       REG              252,0   149280     528425 /lib/x86_64-linux-gnu/ld-2.15.so
bash      1328        may  mem       REG              252,0    26258     918198 /usr/lib/x86_64-linux-gnu/gconv/gconv-modules.cache
bash      1328        may    0u      CHR                4,1      0t0         29 /dev/tty1
bash      1328        may    1u      CHR                4,1      0t0         29 /dev/tty1
bash      1328        may    2u      CHR                4,1      0t0         29 /dev/tty1
bash      1328        may  255u      CHR                4,1      0t0         29 /dev/tty1
sudo      1439       root  cwd       DIR              252,0     4096    1186638 /home/may
sudo      1439       root  rtd       DIR              252,0     4096          2 /
sudo      1439       root  txt       REG              252,0    71280     922599 /usr/bin/sudo
sudo      1439       root  mem       REG              252,0    10304     524496 /lib/x86_64-linux-gnu/security/pam_umask.so
sudo      1439       root  mem       REG              252,0     6040     524501 /lib/x86_64-linux-gnu/security/pam_permit.so
sudo      1439       root  mem       REG              252,0     5944     524513 /lib/x86_64-linux-gnu/security/pam_deny.so
sudo      1439       root  mem       REG              252,0   121936     524353 /lib/x86_64-linux-gnu/libselinux.so.1
sudo      1439       root  mem       REG              252,0    43288     528413 /lib/x86_64-linux-gnu/libcrypt-2.15.so
sudo      1439       root  mem       REG              252,0    56088     524475 /lib/x86_64-linux-gnu/security/pam_unix.so
sudo      1439       root  mem       REG              252,0    14392     524477 /lib/x86_64-linux-gnu/security/pam_env.so
sudo      1439       root  mem       REG              252,0    55744     524461 /lib/x86_64-linux-gnu/libpam.so.0.83.0
sudo      1439       root  mem       REG              252,0   185256    1050447 /usr/lib/sudo/sudoers.so
sudo      1439       root  mem       REG              252,0    48024     528426 /lib/x86_64-linux-gnu/libnss_files-2.15.so
sudo      1439       root  mem       REG              252,0    47680     528428 /lib/x86_64-linux-gnu/libnss_nis-2.15.so
sudo      1439       root  mem       REG              252,0    97248     528418 /lib/x86_64-linux-gnu/libnsl-2.15.so
sudo      1439       root  mem       REG              252,0    35680     528429 /lib/x86_64-linux-gnu/libnss_compat-2.15.so
sudo      1439       root  mem       REG              252,0  2919792     923568 /usr/lib/locale/locale-archive
sudo      1439       root  mem       REG              252,0  1819320     528417 /lib/x86_64-linux-gnu/libc-2.15.so
sudo      1439       root  mem       REG              252,0    14768     528414 /lib/x86_64-linux-gnu/libdl-2.15.so
sudo      1439       root  mem       REG              252,0    10632     528422 /lib/x86_64-linux-gnu/libutil-2.15.so
sudo      1439       root  mem       REG              252,0   149280     528425 /lib/x86_64-linux-gnu/ld-2.15.so
sudo      1439       root    0u      CHR                4,1      0t0         29 /dev/tty1
sudo      1439       root    1u      CHR                4,1      0t0         29 /dev/tty1
sudo      1439       root    2u      CHR                4,1      0t0         29 /dev/tty1
sudo      1439       root    3u     unix 0xffff88003604bb80      0t0       9745 socket
sudo      1439       root    5r     FIFO                0,8      0t0       9747 pipe
sudo      1439       root    6w     FIFO                0,8      0t0       9747 pipe
sudo      1439       root    7u     unix 0xffff88003604aa00      0t0       9748 socket
su        1440       root  cwd       DIR              252,0     4096    1186638 /home/may
su        1440       root  rtd       DIR              252,0     4096          2 /
su        1440       root  txt       REG              252,0    36832     131158 /bin/su
su        1440       root  mem       REG              252,0    10304     524496 /lib/x86_64-linux-gnu/security/pam_umask.so
su        1440       root  mem       REG              252,0     6040     524501 /lib/x86_64-linux-gnu/security/pam_permit.so
su        1440       root  mem       REG              252,0     5944     524513 /lib/x86_64-linux-gnu/security/pam_deny.so
su        1440       root  mem       REG              252,0    43288     528413 /lib/x86_64-linux-gnu/libcrypt-2.15.so
su        1440       root  mem       REG              252,0    56088     524475 /lib/x86_64-linux-gnu/security/pam_unix.so
su        1440       root  mem       REG              252,0    10240     524365 /lib/x86_64-linux-gnu/security/pam_mail.so
su        1440       root  mem       REG              252,0    14392     524477 /lib/x86_64-linux-gnu/security/pam_env.so
su        1440       root  mem       REG              252,0   121936     524353 /lib/x86_64-linux-gnu/libselinux.so.1
su        1440       root  mem       REG              252,0     6056     524469 /lib/x86_64-linux-gnu/security/pam_rootok.so
su        1440       root  mem       REG              252,0    48024     528426 /lib/x86_64-linux-gnu/libnss_files-2.15.so
su        1440       root  mem       REG              252,0    47680     528428 /lib/x86_64-linux-gnu/libnss_nis-2.15.so
su        1440       root  mem       REG              252,0    97248     528418 /lib/x86_64-linux-gnu/libnsl-2.15.so
su        1440       root  mem       REG              252,0    35680     528429 /lib/x86_64-linux-gnu/libnss_compat-2.15.so
su        1440       root  mem       REG              252,0  2919792     923568 /usr/lib/locale/locale-archive
su        1440       root  mem       REG              252,0    14768     528414 /lib/x86_64-linux-gnu/libdl-2.15.so
su        1440       root  mem       REG              252,0  1819320     528417 /lib/x86_64-linux-gnu/libc-2.15.so
su        1440       root  mem       REG              252,0    14528     524301 /lib/x86_64-linux-gnu/libpam_misc.so.0.82.0
su        1440       root  mem       REG              252,0    55744     524461 /lib/x86_64-linux-gnu/libpam.so.0.83.0
su        1440       root  mem       REG              252,0   149280     528425 /lib/x86_64-linux-gnu/ld-2.15.so
su        1440       root    0u      CHR                4,1      0t0         29 /dev/tty1
su        1440       root    1u      CHR                4,1      0t0         29 /dev/tty1
su        1440       root    2u      CHR                4,1      0t0         29 /dev/tty1
bash      1441       root  cwd       DIR               0,20     4096         25 /mnt/cs178/ServerCountThrees/src
bash      1441       root  rtd       DIR              252,0     4096          2 /
bash      1441       root  txt       REG              252,0   959120     131221 /bin/bash
bash      1441       root  mem       REG              252,0    48024     528426 /lib/x86_64-linux-gnu/libnss_files-2.15.so
bash      1441       root  mem       REG              252,0    47680     528428 /lib/x86_64-linux-gnu/libnss_nis-2.15.so
bash      1441       root  mem       REG              252,0    97248     528418 /lib/x86_64-linux-gnu/libnsl-2.15.so
bash      1441       root  mem       REG              252,0    35680     528429 /lib/x86_64-linux-gnu/libnss_compat-2.15.so
bash      1441       root  mem       REG              252,0  2919792     923568 /usr/lib/locale/locale-archive
bash      1441       root  mem       REG              252,0  1819320     528417 /lib/x86_64-linux-gnu/libc-2.15.so
bash      1441       root  mem       REG              252,0    14768     528414 /lib/x86_64-linux-gnu/libdl-2.15.so
bash      1441       root  mem       REG              252,0   159200     524358 /lib/x86_64-linux-gnu/libtinfo.so.5.9
bash      1441       root  mem       REG              252,0   149280     528425 /lib/x86_64-linux-gnu/ld-2.15.so
bash      1441       root  mem       REG              252,0    26258     918198 /usr/lib/x86_64-linux-gnu/gconv/gconv-modules.cache
bash      1441       root    0u      CHR                4,1      0t0         29 /dev/tty1
bash      1441       root    1u      CHR                4,1      0t0         29 /dev/tty1
bash      1441       root    2u      CHR                4,1      0t0         29 /dev/tty1
bash      1441       root  255u      CHR                4,1      0t0         29 /dev/tty1
kworker/u 1453       root  cwd       DIR              252,0     4096          2 /
kworker/u 1453       root  rtd       DIR              252,0     4096          2 /
kworker/u 1453       root  txt   unknown                                        /proc/1453/exe
atop      1701       root  cwd       DIR              252,0     4096          2 /
atop      1701       root  rtd       DIR              252,0     4096          2 /
atop      1701       root  txt       REG              252,0   167256     936301 /usr/bin/atop
atop      1701       root  mem       REG              252,0   159200     524358 /lib/x86_64-linux-gnu/libtinfo.so.5.9
atop      1701       root  mem       REG              252,0    14768     528414 /lib/x86_64-linux-gnu/libdl-2.15.so
atop      1701       root  mem       REG              252,0  1819320     528417 /lib/x86_64-linux-gnu/libc-2.15.so
atop      1701       root  mem       REG              252,0    92720     524519 /lib/x86_64-linux-gnu/libz.so.1.2.3.4
atop      1701       root  mem       REG              252,0  1030512     528419 /lib/x86_64-linux-gnu/libm-2.15.so
atop      1701       root  mem       REG              252,0   133808     524354 /lib/x86_64-linux-gnu/libncurses.so.5.9
atop      1701       root  mem       REG              252,0   149280     528425 /lib/x86_64-linux-gnu/ld-2.15.so
atop      1701       root    0u      CHR                1,3      0t0         15 /dev/null
atop      1701       root    1u      CHR                1,3      0t0         15 /dev/null
atop      1701       root    2u      CHR                1,3      0t0         15 /dev/null
atop      1701       root    3r      REG              252,0    12096     398698 /tmp/atop.d/atop.acct
atop      1701       root    4w      REG              252,0    60597    1059359 /var/log/atop.log
kworker/1 1747       root  cwd       DIR              252,0     4096          2 /
kworker/1 1747       root  rtd       DIR              252,0     4096          2 /
kworker/1 1747       root  txt   unknown                                        /proc/1747/exe
kworker/u 1800       root  cwd       DIR              252,0     4096          2 /
kworker/u 1800       root  rtd       DIR              252,0     4096          2 /
kworker/u 1800       root  txt   unknown                                        /proc/1800/exe
kworker/1 1808       root  cwd       DIR              252,0     4096          2 /
kworker/1 1808       root  rtd       DIR              252,0     4096          2 /
kworker/1 1808       root  txt   unknown                                        /proc/1808/exe
kworker/u 1838       root  cwd       DIR              252,0     4096          2 /
kworker/u 1838       root  rtd       DIR              252,0     4096          2 /
kworker/u 1838       root  txt   unknown                                        /proc/1838/exe
kworker/u 1871       root  cwd       DIR              252,0     4096          2 /
kworker/u 1871       root  rtd       DIR              252,0     4096          2 /
kworker/u 1871       root  txt   unknown                                        /proc/1871/exe
kworker/1 1883       root  cwd       DIR              252,0     4096          2 /
kworker/1 1883       root  rtd       DIR              252,0     4096          2 /
kworker/1 1883       root  txt   unknown                                        /proc/1883/exe
lsof      1892       root  cwd       DIR               0,20     4096         25 /mnt/cs178/ServerCountThrees/src
lsof      1892       root  rtd       DIR              252,0     4096          2 /
lsof      1892       root  txt       REG              252,0   131312     931236 /usr/bin/lsof
lsof      1892       root  mem       REG              252,0  2919792     923568 /usr/lib/locale/locale-archive
lsof      1892       root  mem       REG              252,0  1819320     528417 /lib/x86_64-linux-gnu/libc-2.15.so
lsof      1892       root  mem       REG              252,0   149280     528425 /lib/x86_64-linux-gnu/ld-2.15.so
lsof      1892       root    0u      CHR                4,1      0t0         29 /dev/tty1
lsof      1892       root    1w      REG               0,20        0         40 /mnt/cs178/ServerCountThrees/src/derp.log
lsof      1892       root    2u      CHR                4,1      0t0         29 /dev/tty1
lsof      1892       root    3r      DIR                0,3        0          1 /proc
lsof      1892       root    4r      DIR                0,3        0      13336 /proc/1892/fd
lsof      1892       root    5w     FIFO                0,8      0t0      13341 pipe
lsof      1892       root    6r     FIFO                0,8      0t0      13342 pipe
lsof      1893       root  cwd       DIR               0,20     4096         25 /mnt/cs178/ServerCountThrees/src
lsof      1893       root  rtd       DIR              252,0     4096          2 /
lsof      1893       root  txt       REG              252,0   131312     931236 /usr/bin/lsof
lsof      1893       root  mem       REG              252,0  2919792     923568 /usr/lib/locale/locale-archive
lsof      1893       root  mem       REG              252,0  1819320     528417 /lib/x86_64-linux-gnu/libc-2.15.so
lsof      1893       root  mem       REG              252,0   149280     528425 /lib/x86_64-linux-gnu/ld-2.15.so
lsof      1893       root    4r     FIFO                0,8      0t0      13341 pipe
lsof      1893       root    7w     FIFO                0,8      0t0      13342 pipe
